<?xml version="1.0" encoding="UTF-8"?>
<robot generator="Robot 3.0.4 (Python 3.6.3 on win32)" generated="20181101 15:35:43.497">
<suite id="s1" name="HackerSchool" source="C:\Users\lulu\eclipse-workspace\HackerSchool">
<suite id="s1-s1" name="Tests" source="C:\Users\lulu\eclipse-workspace\HackerSchool\Tests">
<suite id="s1-s1-s1" name="Homework" source="C:\Users\lulu\eclipse-workspace\HackerSchool\Tests\Homework">
<suite id="s1-s1-s1-s1" name="Admin Login" source="C:\Users\lulu\eclipse-workspace\HackerSchool\Tests\Homework\Admin_Login.robot">
<test id="s1-s1-s1-s1-t1" name="Invalid login to Mahara">
<kw name="Open Browser To Mahara" library="Mahara_Keywords" type="setup">
<kw name="Open Browser" library="SeleniumLibrary">
<doc>Opens a new browser instance to the given ``url``.</doc>
<arguments>
<arg>https://demo.mahara.org/</arg>
<arg>chrome</arg>
</arguments>
<msg timestamp="20181101 15:35:43.787" level="INFO">Opening browser 'chrome' to base url 'https://demo.mahara.org/'.</msg>
<status status="PASS" starttime="20181101 15:35:43.787" endtime="20181101 15:35:52.667"></status>
</kw>
<kw name="Maximize Browser Window" library="SeleniumLibrary">
<doc>Maximizes current browser window.</doc>
<status status="PASS" starttime="20181101 15:35:52.669" endtime="20181101 15:35:53.800"></status>
</kw>
<status status="PASS" starttime="20181101 15:35:43.786" endtime="20181101 15:35:53.801"></status>
</kw>
<kw name="Login To Mahara" library="Mahara_Keywords">
<kw name="Input Text" library="SeleniumLibrary">
<doc>Types the given ``text`` into text field identified by ``locator``.</doc>
<arguments>
<arg>id=login_login_username</arg>
<arg>${uname}</arg>
</arguments>
<msg timestamp="20181101 15:35:53.802" level="INFO">Typing text '['Invalid_Login', 'admin']' into text field 'id=login_login_username'.</msg>
<status status="PASS" starttime="20181101 15:35:53.802" endtime="20181101 15:35:54.101"></status>
</kw>
<kw name="Input Password" library="SeleniumLibrary">
<doc>Types the given password into text field identified by ``locator``.</doc>
<arguments>
<arg>name=login_password</arg>
<arg>${pwd}</arg>
</arguments>
<msg timestamp="20181101 15:35:54.102" level="INFO">Typing password into text field 'name=login_password'.</msg>
<status status="PASS" starttime="20181101 15:35:54.101" endtime="20181101 15:35:54.403"></status>
</kw>
<kw name="Click Button" library="SeleniumLibrary">
<doc>Clicks button identified by ``locator``.</doc>
<arguments>
<arg>Login</arg>
</arguments>
<msg timestamp="20181101 15:35:54.405" level="INFO">Clicking button 'Login'.</msg>
<status status="PASS" starttime="20181101 15:35:54.404" endtime="20181101 15:35:56.407"></status>
</kw>
<status status="PASS" starttime="20181101 15:35:53.801" endtime="20181101 15:35:56.408"></status>
</kw>
<kw name="Capture Screenshot And Close Browser" library="Mahara_Keywords">
<kw name="Capture Page Screenshot" library="SeleniumLibrary">
<doc>Takes screenshot of the current page and embeds it into log file.</doc>
<msg timestamp="20181101 15:35:56.746" level="INFO" html="yes">&lt;/td&gt;&lt;/tr&gt;&lt;tr&gt;&lt;td colspan="3"&gt;&lt;a href="selenium-screenshot-12.png"&gt;&lt;img src="selenium-screenshot-12.png" width="800px"&gt;&lt;/a&gt;</msg>
<status status="PASS" starttime="20181101 15:35:56.409" endtime="20181101 15:35:56.747"></status>
</kw>
<kw name="Close Browser" library="SeleniumLibrary">
<doc>Closes the current browser.</doc>
<status status="PASS" starttime="20181101 15:35:56.747" endtime="20181101 15:35:58.995"></status>
</kw>
<status status="PASS" starttime="20181101 15:35:56.408" endtime="20181101 15:35:58.995"></status>
</kw>
<kw name="Close Browser" library="SeleniumLibrary" type="teardown">
<doc>Closes the current browser.</doc>
<status status="PASS" starttime="20181101 15:35:58.996" endtime="20181101 15:35:58.997"></status>
</kw>
<status status="PASS" starttime="20181101 15:35:43.785" endtime="20181101 15:35:58.997" critical="yes"></status>
</test>
<test id="s1-s1-s1-s1-t2" name="Login as admin to Mahara">
<kw name="Open Browser To Mahara" library="Mahara_Keywords" type="setup">
<kw name="Open Browser" library="SeleniumLibrary">
<doc>Opens a new browser instance to the given ``url``.</doc>
<arguments>
<arg>https://demo.mahara.org/</arg>
<arg>chrome</arg>
</arguments>
<msg timestamp="20181101 15:35:59.000" level="INFO">Opening browser 'chrome' to base url 'https://demo.mahara.org/'.</msg>
<kw name="Capture Page Screenshot" library="SeleniumLibrary">
<doc>Takes screenshot of the current page and embeds it into log file.</doc>
<msg timestamp="20181101 15:36:08.288" level="INFO">Cannot capture screenshot because no browser is open.</msg>
<status status="PASS" starttime="20181101 15:36:08.287" endtime="20181101 15:36:08.288"></status>
</kw>
<msg timestamp="20181101 15:36:08.353" level="FAIL">SessionNotCreatedException: Message: session not created
from chrome not reachable
  (Session info: chrome=69.0.3497.100)
  (Driver info: chromedriver=2.42.591088 (7b2b2dca23cca0862f674758c9a3933e685c27d5),platform=Windows NT 10.0.17134 x86_64)
</msg>
<status status="FAIL" starttime="20181101 15:35:58.999" endtime="20181101 15:36:08.353"></status>
</kw>
<status status="FAIL" starttime="20181101 15:35:58.999" endtime="20181101 15:36:08.354"></status>
</kw>
<kw name="Close Browser" library="SeleniumLibrary" type="teardown">
<doc>Closes the current browser.</doc>
<status status="PASS" starttime="20181101 15:36:08.355" endtime="20181101 15:36:08.355"></status>
</kw>
<status status="FAIL" starttime="20181101 15:35:58.998" endtime="20181101 15:36:08.356" critical="yes">Setup failed:
SessionNotCreatedException: Message: session not created
from chrome not reachable
  (Session info: chrome=69.0.3497.100)
  (Driver info: chromedriver=2.42.591088 (7b2b2dca23cca0862f674758c9a3933e685c27d5),platform=Windows NT 10.0.17134 x86_64)
</status>
</test>
<status status="FAIL" starttime="20181101 15:35:43.575" endtime="20181101 15:36:08.358"></status>
</suite>
<status status="FAIL" starttime="20181101 15:35:43.572" endtime="20181101 15:36:08.361"></status>
</suite>
<status status="FAIL" starttime="20181101 15:35:43.569" endtime="20181101 15:36:08.363"></status>
</suite>
<status status="FAIL" starttime="20181101 15:35:43.542" endtime="20181101 15:36:08.366"></status>
</suite>
<statistics>
<total>
<stat pass="1" fail="1">Critical Tests</stat>
<stat pass="1" fail="1">All Tests</stat>
</total>
<tag>
</tag>
<suite>
<stat pass="1" fail="1" id="s1" name="HackerSchool">HackerSchool</stat>
<stat pass="1" fail="1" id="s1-s1" name="Tests">HackerSchool.Tests</stat>
<stat pass="1" fail="1" id="s1-s1-s1" name="Homework">HackerSchool.Tests.Homework</stat>
<stat pass="1" fail="1" id="s1-s1-s1-s1" name="Admin Login">HackerSchool.Tests.Homework.Admin Login</stat>
</suite>
</statistics>
<errors>
</errors>
</robot>
